#
# An unexpected error has been detected by Java Runtime Environment:
#
#  EXCEPTION_ACCESS_VIOLATION (0xc0000005) at pc=0x00000000794a7200, pid=4108, tid=1612
#
# Java VM: Java HotSpot(TM) 64-Bit Server VM (11.2-b01 mixed mode windows-amd64)
# Problematic frame:
# C  [hg.dll+0x3c7200]
#
# If you would like to submit a bug report, please visit:
#   http://java.sun.com/webapps/bugreport/crash.jsp
# The crash happened outside the Java Virtual Machine in native code.
# See problematic frame for where to report the bug.
#

---------------  T H R E A D  ---------------

Current thread (0x0000000001560c00):  JavaThread "main" [_thread_in_native, id=1612, stack(0x0000000000030000,0x0000000001030000)]

siginfo: ExceptionCode=0xc0000005, reading address 0x0000000000000168

Registers:
EAX=0x0000000000000010, EBX=0x0000000000000000, ECX=0x0000000000000000, EDX=0x000000003859e600
ESP=0x0000000001025708, EBP=0x0000000000000000, ESI=0x000000007953f85c, EDI=0x000000007953f85c
EIP=0x00000000794a7200, EFLAGS=0x0000000000010202

Top of Stack: (sp=0x0000000001025708)
0x0000000001025708:   00000000794bd9d6 0000000000000000
0x0000000001025718:   0000000000000000 000000007953f85c
0x0000000001025728:   0000000000000001 0000000000000000
0x0000000001025738:   0000000000000000 00000000369577e0
0x0000000001025748:   0000000079448cdb 0000000035fe8020
0x0000000001025758:   0000000000000000 0000000000000200
0x0000000001025768:   0000000000000000 0000000001886f80
0x0000000001025778:   000000007d4cdcad 0000000001880c30
0x0000000001025788:   000000007ba7ee60 0000000000000001
0x0000000001025798:   000000003e96f5d0 fffffffffffffffe
0x00000000010257a8:   000000003e96f620 00000000ffffffff
0x00000000010257b8:   000000007c4ed1cc 0000000000000001
0x00000000010257c8:   0000000000000001 0000000000000200
0x00000000010257d8:   0000000000000000 00000000ffffffff
0x00000000010257e8:   000000007ad42403 000005fa000b0005
0x00000000010257f8:   00000000018ba200 00000000000000e8 

Instructions: (pc=0x00000000794a7200)
0x00000000794a71f0:   48 8b 81 f0 01 00 00 c3 cc cc cc cc cc cc cc cc
0x00000000794a7200:   48 8b 81 68 01 00 00 c3 cc cc cc cc cc cc cc cc 


Stack: [0x0000000000030000,0x0000000001030000],  sp=0x0000000001025708,  free space=16341k
Native frames: (J=compiled Java code, j=interpreted, Vv=VM code, C=native code)
C  [hg.dll+0x3c7200]

[error occurred during error reporting (printing native stack), id 0xc0000005]

Java frames: (J=compiled Java code, j=interpreted, Vv=VM code)
j  com.mathworks.jmi.NativeMatlab.SendMatlabMessage(Ljava/lang/Object;)Ljava/lang/Object;+0
j  com.mathworks.jmi.NativeMatlab.sendMatlabMessage(Ljava/lang/Object;)Ljava/lang/Object;+22
j  com.mathworks.jmi.MatlabLooper.sendMatlabMessage(Lcom/mathworks/services/message/MWMessage;)Ljava/lang/Object;+20
j  com.mathworks.jmi.Matlab.mtFevalConsoleOutput(Ljava/lang/String;[Ljava/lang/Object;I)Ljava/lang/Object;+58
j  com.mathworks.mde.desk.MLDesktop$9.run()V+14
j  com.mathworks.jmi.NativeMatlab.dispatchMTRequests(Z)V+50
v  ~StubRoutines::call_stub

---------------  P R O C E S S  ---------------

Java Threads: ( => current thread )
  0x0000000029ff1800 JavaThread "Image Fetcher 0" daemon [_thread_blocked, id=6096, stack(0x000000000a3e0000,0x000000000a460000)]
  0x0000000029ff2800 JavaThread "zSelector" [_thread_blocked, id=3920, stack(0x000000000d970000,0x000000000d9f0000)]
  0x0000000029ff1000 JavaThread "Timer-50" [_thread_blocked, id=4660, stack(0x000000000d8f0000,0x000000000d970000)]
  0x0000000029ff0400 JavaThread "Timer-49" [_thread_blocked, id=1944, stack(0x000000000a460000,0x000000000a4e0000)]
  0x0000000029fef400 JavaThread "zSelector" [_thread_blocked, id=1072, stack(0x000000000a320000,0x000000000a3a0000)]
  0x000000002ea87800 JavaThread "Timer-41" [_thread_blocked, id=3500, stack(0x000000000a2a0000,0x000000000a320000)]
  0x000000002a014000 JavaThread "Timer-40" [_thread_blocked, id=2192, stack(0x000000000a160000,0x000000000a1e0000)]
  0x000000002a015400 JavaThread "zSelector" [_thread_blocked, id=4932, stack(0x000000000a0e0000,0x000000000a160000)]
  0x000000002a014c00 JavaThread "Timer-39" [_thread_blocked, id=2780, stack(0x000000000a060000,0x000000000a0e0000)]
  0x000000002a013000 JavaThread "Timer-38" [_thread_blocked, id=3328, stack(0x0000000009f60000,0x0000000009fe0000)]
  0x000000002a013800 JavaThread "zSelector" [_thread_blocked, id=3580, stack(0x0000000048db0000,0x0000000048e30000)]
  0x000000002a012800 JavaThread "Timer-37" [_thread_blocked, id=6760, stack(0x0000000007040000,0x00000000070c0000)]
  0x000000002a012000 JavaThread "Timer-36" [_thread_blocked, id=5700, stack(0x0000000006fc0000,0x0000000007040000)]
  0x000000002ea88c00 JavaThread "Thread-82" [_thread_in_native, id=292, stack(0x00000000461a0000,0x0000000046220000)]
  0x000000002ea86400 JavaThread "Timer-InstrumentReadWritePoll" [_thread_blocked, id=3468, stack(0x0000000044fa0000,0x0000000045020000)]
  0x000000002ea85c00 JavaThread "Thread-81" [_thread_in_native, id=6884, stack(0x0000000042c00000,0x0000000042c80000)]
  0x000000002ea88000 JavaThread "Beanshell interpreter" [_thread_blocked, id=3864, stack(0x000000003f990000,0x000000003fa10000)]
  0x000000002ea88800 JavaThread "Thread-62" [_thread_blocked, id=5096, stack(0x000000003f910000,0x000000003f990000)]
  0x000000002ea85400 JavaThread "Prefs Updater" daemon [_thread_blocked, id=3492, stack(0x0000000030900000,0x0000000030980000)]
  0x000000002ea87000 JavaThread "Timer-8" daemon [_thread_blocked, id=5988, stack(0x0000000030a00000,0x0000000030a80000)]
  0x000000002fa9f800 JavaThread "Timer-1" [_thread_blocked, id=1100, stack(0x0000000030630000,0x00000000306b0000)]
  0x000000002ef5d400 JavaThread "TimerQueue" daemon [_thread_blocked, id=6880, stack(0x00000000305a0000,0x0000000030620000)]
  0x000000002eaa9c00 JavaThread "AWT-EventQueue-0" [_thread_blocked, id=4356, stack(0x0000000030510000,0x0000000030590000)]
  0x000000002eaf4000 JavaThread "AWT-Windows" daemon [_thread_in_native, id=4184, stack(0x000000002f070000,0x000000002f0f0000)]
  0x000000002eaee400 JavaThread "AWT-Shutdown" [_thread_blocked, id=5060, stack(0x000000002eff0000,0x000000002f070000)]
  0x000000002eaedc00 JavaThread "Java2D Disposer" daemon [_thread_blocked, id=3436, stack(0x000000002ef70000,0x000000002eff0000)]
  0x000000002e379000 JavaThread "Timer-0" [_thread_blocked, id=3264, stack(0x000000002e6f0000,0x000000002e770000)]
  0x000000002e377800 JavaThread "JMI Unnamed Thread" [_thread_in_native, id=5824, stack(0x0000000007140000,0x0000000008140000)]
  0x0000000029fcdc00 JavaThread "Low Memory Detector" daemon [_thread_blocked, id=6764, stack(0x000000002d270000,0x000000002d2f0000)]
  0x0000000029fc4800 JavaThread "CompilerThread1" daemon [_thread_blocked, id=5252, stack(0x000000002c270000,0x000000002d270000)]
  0x0000000029fbec00 JavaThread "CompilerThread0" daemon [_thread_in_native, id=5432, stack(0x000000002b270000,0x000000002c270000)]
  0x0000000029fb9c00 JavaThread "Attach Listener" daemon [_thread_blocked, id=5156, stack(0x000000002b1f0000,0x000000002b270000)]
  0x0000000029f98c00 JavaThread "Finalizer" daemon [_thread_blocked, id=1020, stack(0x000000002b170000,0x000000002b1f0000)]
  0x0000000029f98000 JavaThread "Reference Handler" daemon [_thread_blocked, id=6452, stack(0x000000002b0f0000,0x000000002b170000)]
=>0x0000000001560c00 JavaThread "main" [_thread_in_native, id=1612, stack(0x0000000000030000,0x0000000001030000)]

Other Threads:
  0x0000000029f90400 VMThread [stack: 0x000000002a0f0000,0x000000002b0f0000] [id=6368]
  0x0000000029ff7400 WatcherThread [stack: 0x000000002d2f0000,0x000000002e2f0000] [id=6008]

VM state:not at safepoint (normal execution)

VM Mutex/Monitor currently owned by a thread: None

Heap
 PSYoungGen      total 15680K, used 10548K [0x0000000022df0000, 0x0000000023df0000, 0x0000000025ef0000)
  eden space 14976K, 68% used [0x0000000022df0000,0x00000000237f5070,0x0000000023c90000)
  from space 704K, 40% used [0x0000000023c90000,0x0000000023cd8000,0x0000000023d40000)
  to   space 704K, 0% used [0x0000000023d40000,0x0000000023d40000,0x0000000023df0000)
 PSOldGen        total 83520K, used 53370K [0x0000000019af0000, 0x000000001ec80000, 0x0000000022df0000)
  object space 83520K, 63% used [0x0000000019af0000,0x000000001cf0e970,0x000000001ec80000)
 PSPermGen       total 94400K, used 68182K [0x0000000011af0000, 0x0000000017720000, 0x0000000019af0000)
  object space 94400K, 72% used [0x0000000011af0000,0x0000000015d85a48,0x0000000017720000)

Dynamic libraries:
0x0000000140000000 - 0x0000000140038000 	C:\Program Files\MATLAB\R2009b\bin\win64\MATLAB.exe
0x0000000077870000 - 0x0000000077a19000 	C:\Windows\SYSTEM32\ntdll.dll
0x0000000077650000 - 0x000000007776f000 	C:\Windows\system32\kernel32.dll
0x000007fefd720000 - 0x000007fefd78b000 	C:\Windows\system32\KERNELBASE.dll
0x000000007cdb0000 - 0x000000007ceb9000 	C:\Program Files\MATLAB\R2009b\bin\win64\libut.dll
0x000007fefe7c0000 - 0x000007fefe7d9000 	C:\Windows\system32\imagehlp.dll
0x000007fefe6a0000 - 0x000007fefe73f000 	C:\Windows\system32\msvcrt.dll
0x000007fefe8f0000 - 0x000007fefe9cb000 	C:\Windows\system32\ADVAPI32.dll
0x000007fefdc90000 - 0x000007fefdcaf000 	C:\Windows\SYSTEM32\sechost.dll
0x000007fefdcb0000 - 0x000007fefdddd000 	C:\Windows\system32\RPCRT4.dll
0x0000000077a30000 - 0x0000000077a37000 	C:\Windows\system32\PSAPI.DLL
0x000000007d620000 - 0x000000007d648000 	C:\Program Files\MATLAB\R2009b\bin\win64\LIBEXPAT.dll
0x000000006ef40000 - 0x000000006f009000 	C:\Windows\WinSxS\amd64_microsoft.vc80.crt_1fc8b3b9a1e18e3b_8.0.50727.6195_none_88e41e092fab0294\MSVCR80.dll
0x000000007d320000 - 0x000000007d44c000 	C:\Program Files\MATLAB\R2009b\bin\win64\icuuc40.dll
0x000000007c760000 - 0x000000007c763000 	C:\Program Files\MATLAB\R2009b\bin\win64\icudt40.dll
0x000000007c770000 - 0x000000007c780000 	C:\Program Files\MATLAB\R2009b\bin\win64\icuio40.dll
0x000000007ca60000 - 0x000000007cbb3000 	C:\Program Files\MATLAB\R2009b\bin\win64\icuin40.dll
0x000000006e760000 - 0x000000006e869000 	C:\Windows\WinSxS\amd64_microsoft.vc80.crt_1fc8b3b9a1e18e3b_8.0.50727.6195_none_88e41e092fab0294\MSVCP80.dll
0x0000000077770000 - 0x000000007786a000 	C:\Windows\system32\USER32.dll
0x000007fefdfc0000 - 0x000007fefe027000 	C:\Windows\system32\GDI32.dll
0x000007feffb70000 - 0x000007feffb7e000 	C:\Windows\system32\LPK.dll
0x000007fefdef0000 - 0x000007fefdfb9000 	C:\Windows\system32\USP10.dll
0x0000000078820000 - 0x0000000078890000 	C:\Program Files\MATLAB\R2009b\bin\win64\libmwfl.dll
0x000000007e820000 - 0x000000007e82f000 	C:\Program Files\MATLAB\R2009b\bin\win64\boost_date_time-vc80-mt-1_36.dll
0x000000007e800000 - 0x000000007e816000 	C:\Program Files\MATLAB\R2009b\bin\win64\boost_signals-vc80-mt-1_36.dll
0x000000007dae0000 - 0x000000007dae9000 	C:\Program Files\MATLAB\R2009b\bin\win64\boost_system-vc80-mt-1_36.dll
0x000000007c740000 - 0x000000007c751000 	C:\Program Files\MATLAB\R2009b\bin\win64\boost_thread-vc80-mt-1_36.dll
0x000000007cf70000 - 0x000000007d1e1000 	C:\Program Files\MATLAB\R2009b\bin\win64\libmwservices.dll
0x000000007cec0000 - 0x000000007cf6f000 	C:\Program Files\MATLAB\R2009b\bin\win64\libmx.dll
0x0000000079070000 - 0x0000000079087000 	C:\Program Files\MATLAB\R2009b\bin\win64\zlib1.dll
0x000000007d1f0000 - 0x000000007d318000 	C:\Program Files\MATLAB\R2009b\bin\win64\libmwmathutil.dll
0x000000007a660000 - 0x000000007a6b8000 	C:\Program Files\MATLAB\R2009b\bin\win64\mpath.dll
0x000000007d650000 - 0x000000007d6a1000 	C:\Program Files\MATLAB\R2009b\bin\win64\mlutil.dll
0x00000000787b0000 - 0x00000000787ee000 	C:\Program Files\MATLAB\R2009b\bin\win64\tbb.dll
0x000007fefa410000 - 0x000007fefa4b0000 	C:\Windows\WinSxS\amd64_microsoft.windows.common-controls_6595b64144ccf1df_5.82.7601.18201_none_a4d3b9377117c3df\COMCTL32.dll
0x000007fefe600000 - 0x000007fefe697000 	C:\Windows\system32\comdlg32.dll
0x000007fefe030000 - 0x000007fefe0a1000 	C:\Windows\system32\SHLWAPI.dll
0x000007fefede0000 - 0x000007feffb68000 	C:\Windows\system32\SHELL32.dll
0x000007fefb330000 - 0x000007fefb346000 	C:\Windows\system32\NETAPI32.dll
0x000007fefcb20000 - 0x000007fefcb2c000 	C:\Windows\system32\netutils.dll
0x000007fefd250000 - 0x000007fefd273000 	C:\Windows\system32\srvcli.dll
0x000007fefb310000 - 0x000007fefb325000 	C:\Windows\system32\wkscli.dll
0x000007fefe160000 - 0x000007fefe1ad000 	C:\Windows\system32\WS2_32.dll
0x000007fefe0b0000 - 0x000007fefe0b8000 	C:\Windows\system32\NSI.dll
0x000000007eaa0000 - 0x000000007eabd000 	C:\Program Files\MATLAB\R2009b\bin\win64\boost_filesystem-vc80-mt-1_36.dll
0x000000007acf0000 - 0x000000007ad87000 	C:\Program Files\MATLAB\R2009b\bin\win64\mcr.dll
0x000000007c780000 - 0x000000007c80c000 	C:\Program Files\MATLAB\R2009b\bin\win64\iqm.dll
0x000000007b440000 - 0x000000007bd40000 	C:\Program Files\MATLAB\R2009b\bin\win64\m_interpreter.dll
0x000000007c830000 - 0x000000007c840000 	C:\Program Files\MATLAB\R2009b\bin\win64\libmex.dll
0x000000007ab60000 - 0x000000007ac0b000 	C:\Program Files\MATLAB\R2009b\bin\win64\m_dispatcher.dll
0x000000007e720000 - 0x000000007e7ac000 	C:\Program Files\MATLAB\R2009b\bin\win64\xmlcore.dll
0x000000007a020000 - 0x000000007a2b5000 	C:\Program Files\MATLAB\R2009b\bin\win64\xerces-c_2_7.dll
0x000000007e980000 - 0x000000007ea71000 	C:\Program Files\MATLAB\R2009b\bin\win64\boost_regex-vc80-mt-1_36.dll
0x000000007aa00000 - 0x000000007aa91000 	C:\Program Files\MATLAB\R2009b\bin\win64\profiler.dll
0x000000007c8b0000 - 0x000000007c8da000 	C:\Program Files\MATLAB\R2009b\bin\win64\libmwmathrng.dll
0x0000000078fd0000 - 0x0000000078fea000 	C:\Program Files\MATLAB\R2009b\bin\win64\m_pcodeio.dll
0x000000007a610000 - 0x000000007a65d000 	C:\Program Files\MATLAB\R2009b\bin\win64\m_ir.dll
0x000000007ae40000 - 0x000000007b433000 	C:\Program Files\MATLAB\R2009b\bin\win64\m_parser.dll
0x000000007c810000 - 0x000000007c824000 	C:\Program Files\MATLAB\R2009b\bin\win64\ir_xfmr.dll
0x0000000078890000 - 0x0000000078b39000 	C:\Program Files\MATLAB\R2009b\bin\win64\mcos.dll
0x000000007c8f0000 - 0x000000007c8fc000 	C:\Program Files\MATLAB\R2009b\bin\win64\mtok.dll
0x0000000078fb0000 - 0x0000000078fd0000 	C:\Program Files\MATLAB\R2009b\bin\win64\m_pcodegen.dll
0x000007fef6150000 - 0x000007fef6275000 	C:\Windows\system32\dbghelp.dll
0x0000000078ec0000 - 0x0000000078ee4000 	C:\Program Files\MATLAB\R2009b\bin\win64\bridge.dll
0x000000007c3d0000 - 0x000000007c490000 	C:\Program Files\MATLAB\R2009b\bin\win64\udd.dll
0x000000007d450000 - 0x000000007d59d000 	C:\Program Files\MATLAB\R2009b\bin\win64\libmwgui.dll
0x00000000790e0000 - 0x000000007980b000 	C:\Program Files\MATLAB\R2009b\bin\win64\hg.dll
0x0000000078ef0000 - 0x0000000078f2c000 	C:\Program Files\MATLAB\R2009b\bin\win64\libmat.dll
0x000000007cbc0000 - 0x000000007cdae000 	C:\Program Files\MATLAB\R2009b\bin\win64\libhdf5.dll
0x000000007a550000 - 0x000000007a5af000 	C:\Program Files\MATLAB\R2009b\bin\win64\jmi.dll
0x000000007a490000 - 0x000000007a4d0000 	C:\Program Files\MATLAB\R2009b\bin\win64\libmwhardcopy.dll
0x000000007a5b0000 - 0x000000007a60a000 	C:\Program Files\MATLAB\R2009b\bin\win64\libuij.dll
0x0000000078680000 - 0x00000000787ab000 	C:\Program Files\MATLAB\R2009b\bin\win64\hgdatatypes.dll
0x0000000078630000 - 0x000000007867b000 	C:\Program Files\MATLAB\R2009b\bin\win64\hgutils.dll
0x0000000078f30000 - 0x0000000078fa5000 	C:\Program Files\MATLAB\R2009b\bin\win64\libmwlapack.dll
0x000000007c850000 - 0x000000007c863000 	C:\Program Files\MATLAB\R2009b\bin\win64\libmwbinder.dll
0x000000007c490000 - 0x000000007c73e000 	C:\Program Files\MATLAB\R2009b\bin\win64\uiw.dll
0x000000007c930000 - 0x000000007c93a000 	C:\Program Files\MATLAB\R2009b\bin\win64\uinone.dll
0x000000006e5c0000 - 0x000000006e75c000 	C:\Windows\WinSxS\amd64_microsoft.vc80.mfc_1fc8b3b9a1e18e3b_8.0.50727.6195_none_8448b2bd328df189\MFC80.DLL
0x000007fef92e0000 - 0x000007fef9351000 	C:\Windows\system32\WINSPOOL.DRV
0x000007fefe390000 - 0x000007fefe593000 	C:\Windows\system32\ole32.dll
0x000007fefe7e0000 - 0x000007fefe8b7000 	C:\Windows\system32\OLEAUT32.dll
0x000000007ad90000 - 0x000000007ae3f000 	C:\Program Files\MATLAB\R2009b\bin\win64\udd_mi.dll
0x0000000078ff0000 - 0x0000000079008000 	C:\Program Files\MATLAB\R2009b\bin\win64\mwoles05.DLL
0x000000007a990000 - 0x000000007a9fa000 	C:\Program Files\MATLAB\R2009b\bin\win64\comcli.dll
0x000000006ef20000 - 0x000000006ef40000 	C:\Windows\WinSxS\amd64_microsoft.vc80.atl_1fc8b3b9a1e18e3b_8.0.50727.6195_none_8a1dd9552ed7f8d8\ATL80.DLL
0x000000007c8e0000 - 0x000000007c8ee000 	C:\Program Files\MATLAB\R2009b\bin\win64\mlautoregister.dll
0x000007fefe8c0000 - 0x000007fefe8ee000 	C:\Windows\system32\IMM32.DLL
0x000007fefdde0000 - 0x000007fefdee9000 	C:\Windows\system32\MSCTF.dll
0x000000006ef10000 - 0x000000006ef1d000 	C:\Windows\WinSxS\amd64_microsoft.vc80.mfcloc_1fc8b3b9a1e18e3b_8.0.50727.6195_none_bc20f59b0bdd1acd\MFC80ENU.DLL
0x000007fefd620000 - 0x000007fefd62f000 	C:\Windows\system32\profapi.dll
0x000007fefd550000 - 0x000007fefd55f000 	C:\Windows\system32\CRYPTBASE.dll
0x000007fefc1d0000 - 0x000007fefc226000 	C:\Windows\system32\uxtheme.dll
0x000007fefc230000 - 0x000007fefc424000 	C:\Windows\WinSxS\amd64_microsoft.windows.common-controls_6595b64144ccf1df_6.0.7601.17514_none_fa396087175ac9ac\comctl32.dll
0x000007fefd4f0000 - 0x000007fefd547000 	C:\Windows\system32\apphelp.dll
0x000007fefe0c0000 - 0x000007fefe159000 	C:\Windows\system32\CLBCatQ.DLL
0x000007fefba60000 - 0x000007fefbb8c000 	C:\Windows\system32\PROPSYS.dll
0x000007fef92c0000 - 0x000007fef92d8000 	C:\Windows\system32\MPR.dll
0x000007fefb750000 - 0x000007fefb75a000 	C:\Windows\System32\drprov.dll
0x000007fefcaa0000 - 0x000007fefcadd000 	C:\Windows\System32\WINSTA.dll
0x000007fef9290000 - 0x000007fef92b2000 	C:\Windows\System32\ntlanman.dll
0x000007fefb410000 - 0x000007fefb42d000 	C:\Windows\System32\davclnt.dll
0x000007fefaaa0000 - 0x000007fefaaaa000 	C:\Windows\System32\DAVHLPR.dll
0x000007fef7d60000 - 0x000007fef7d6f000 	C:\Windows\system32\cscapi.dll
0x000007fefbe30000 - 0x000007fefbe5d000 	C:\Windows\system32\ntmarta.dll
0x000007fefe5a0000 - 0x000007fefe5f2000 	C:\Windows\system32\WLDAP32.dll
0x0000000075130000 - 0x0000000075133000 	C:\Windows\system32\icmp.Dll
0x000007fefb120000 - 0x000007fefb147000 	C:\Windows\system32\iphlpapi.DLL
0x000007fefb110000 - 0x000007fefb11b000 	C:\Windows\system32\WINNSI.DLL
0x000007fefd4c0000 - 0x000007fefd4e5000 	C:\Windows\system32\SspiCli.dll
0x000007fefb810000 - 0x000007fefb825000 	C:\Windows\system32\NLAapi.dll
0x000007fefa950000 - 0x000007fefa965000 	C:\Windows\system32\napinsp.dll
0x000007fefa970000 - 0x000007fefa989000 	C:\Windows\system32\pnrpnsp.dll
0x000007fefce90000 - 0x000007fefcee5000 	C:\Windows\System32\mswsock.dll
0x000007fefcd10000 - 0x000007fefcd6b000 	C:\Windows\system32\DNSAPI.dll
0x000007fefa940000 - 0x000007fefa94b000 	C:\Windows\System32\winrnr.dll
0x000007fefafd0000 - 0x000007fefb023000 	C:\Windows\System32\fwpuclnt.dll
0x000007fefa990000 - 0x000007fefa998000 	C:\Windows\system32\rasadhlp.dll
0x000007fefc840000 - 0x000007fefc847000 	C:\Windows\System32\wshtcpip.dll
0x000007fefaf40000 - 0x000007fefaf51000 	C:\Windows\system32\dhcpcsvc6.DLL
0x000007fefaf20000 - 0x000007fefaf38000 	C:\Windows\system32\dhcpcsvc.DLL
0x000000006d7f0000 - 0x000000006dda8000 	C:\Program Files\MATLAB\R2009b\sys\java\jre\win64\jre\bin\server\jvm.dll
0x000007fef7950000 - 0x000007fef798b000 	C:\Windows\system32\WINMM.dll
0x000007fefb620000 - 0x000007fefb638000 	C:\Windows\system32\dwmapi.dll
0x000000007ab10000 - 0x000000007ab1a000 	C:\Program Files\MATLAB\R2009b\sys\java\jre\win64\jre\bin\hpi.dll
0x000000007ab30000 - 0x000000007ab3e000 	C:\Program Files\MATLAB\R2009b\sys\java\jre\win64\jre\bin\verify.dll
0x0000000079090000 - 0x00000000790b7000 	C:\Program Files\MATLAB\R2009b\sys\java\jre\win64\jre\bin\java.dll
0x000000007ab40000 - 0x000000007ab52000 	C:\Program Files\MATLAB\R2009b\sys\java\jre\win64\jre\bin\zip.dll

VM Arguments:
jvm_args: -Xss512k -XX:PermSize=32m -Xms64m -XX:NewRatio=3 -XX:MaxPermSize=128m -Xmx196m -XX:MaxDirectMemorySize=2147400000 -Dsun.java2d.noddraw=true -Dsun.awt.nopixfmt=true -Xshare:off -Xrs -Djava.library.path=C:\Program Files\MATLAB\R2009b\bin\win64;C:\Program Files\Micro-Manager-1.4\ vfprintf abort 
java_command: <unknown>
Launcher Type: generic

Environment Variables:
CLASSPATH=.;C:\Program Files (x86)\QuickTime\QTSystem\QTJava.zip
PATH=C:\Windows\system32;C:\Windows;C:\Windows\System32\Wbem;C:\Windows\System32\WindowsPowerShell\v1.0\;C:\Program Files (x86)\Microsoft Application Virtualization Client;C:\Program Files (x86)\QuickTime\QTSystem\;C:\Program Files (x86)\Kaspersky Lab\Kaspersky Anti-Virus 6.0 for Windows Workstations MP4\;C:\Program Files\MATLAB\R2009b\bin;C:\Program Files\MATLAB\R2009b\bin
USERNAME=s1135844
OS=Windows_NT
PROCESSOR_IDENTIFIER=Intel64 Family 6 Model 23 Stepping 10, GenuineIntel



---------------  S Y S T E M  ---------------

OS: Windows NT 6.1 Build 7601 Service Pack 1

CPU:total 4 (4 cores per cpu, 1 threads per core) family 6 model 7 stepping 10, cmov, cx8, fxsr, mmx, sse, sse2, sse3, ssse3

Memory: 4k page, physical 4060768k(1852912k free), swap 8119672k(5466604k free)

vm_info: Java HotSpot(TM) 64-Bit Server VM (11.2-b01) for windows-amd64 JRE (1.6.0_12-b04), built on Jan 17 2009 01:49:05 by "java_re" with MS VC++ 8.0

time: Tue Feb 25 09:38:41 2014
elapsed time: 66374 seconds

